Mapa inicializado
Añadido: Murcia. Total: 1 lugares
Añadido: Cartagena. Total: 2 lugares
Encontrado: Murcia
Información: 430.571 habitantes
Encontrado: Cartagena
Información: 215.186 habitantes
Añadido: Murcia. Total: 2 lugares
Mapa inicializado
Añadido: Dras Leona. Total: 1 lugares
Añadido: Gondor. Total: 2 lugares
No encontrado: Dras
Encontrado: Dras Leona
Información: Tierra Media
No encontrado: Murcia
Añadido: esp-Igualeja. Total: 3 lugares
Añadido: esp-Caserío Lo de la Vieja. Total: 4 lugares
No encontrado: esp-Baños de Sierra Elvira
Añadido: esp-Ribabellosa. Total: 5 lugares
Añadido: esp-Láncara de Luna. Total: 7 lugares
Añadido: esp-Caserío Casas de Peña. Total: 12 lugares
No encontrado: esp-Fresnedilla
Añadido: esp-Quintana de Valdivielso. Total: 18 lugares
Añadido: esp-Barrio Castillejos. Total: 23 lugares
No encontrado: esp-Borrenes
Añadido: esp-Caserío La Quart. Total: 25 lugares
Añadido: esp-Abadiano. Total: 34 lugares
No encontrado: esp-Sames
No encontrado: esp-Cabranes
No encontrado: esp-Aniñon
Añadido: esp-Hurtumpascual. Total: 61 lugares
No encontrado: esp-Santa Colomba de las Arrimadas
No encontrado: esp-Pernús
No encontrado: esp-Barandón
No encontrado: esp-La Iruela
Añadido: esp-Rosales. Total: 71 lugares
Añadido: esp-Los Morales. Total: 72 lugares
Añadido: esp-Olmos de la Picaza. Total: 73 lugares
Añadido: esp-Miñide. Total: 75 lugares
No encontrado: esp-Padris
No encontrado: esp-San Bartolomé de Meruelo
Añadido: esp-Bara. Total: 78 lugares
Añadido: esp-Puerto Petro. Total: 81 lugares
Añadido: esp-Cormes. Total: 93 lugares
Añadido: esp-La Vara. Total: 98 lugares
No encontrado: esp-Babel
No encontrado: esp-Pla de Cabra
No encontrado: esp-Casas Aguaza
No encontrado: esp-Caserío Los Tristanes
Añadido: esp-Hoya del Moñigo. Total: 123 lugares
Añadido: esp-Gueral. Total: 129 lugares
Añadido: esp-Monzón. Total: 132 lugares
Añadido: esp-Monestorio. Total: 137 lugares
Añadido: esp-Aguatona. Total: 139 lugares
No encontrado: esp-Caserío Torresolana
Añadido: esp-Caserío Esquinal. Total: 140 lugares
Añadido: esp-Caserío Riells del Fay. Total: 141 lugares
Añadido: esp-Antas. Total: 149 lugares
Añadido: esp-Maya. Total: 152 lugares
Añadido: esp-Cuesta. Total: 153 lugares
No encontrado: esp-Bueña
Añadido: esp-El Calderillo del Agua. Total: 156 lugares
No encontrado: esp-Huergas y El Millar
No encontrado: esp-Fuentebureba
No encontrado: esp-Caserío Don Gonzalo
No encontrado: esp-Hontoria de Valdearados
Añadido: esp-Caserío de Caurilla. Total: 163 lugares
No encontrado: esp-Barranco Hondo
Añadido: esp-Ferreras. Total: 170 lugares
Añadido: esp-Mundilla. Total: 172 lugares
No encontrado: esp-Cazás
No encontrado: esp-Peñaparda
No encontrado: esp-Romadorio
Añadido: esp-Cenascuras. Total: 178 lugares
Añadido: esp-Murillo de Gállego. Total: 186 lugares
No encontrado: esp-Cortijo Huerta Plata
No encontrado: esp-Catadau
Añadido: esp-La Escontrilla. Total: 200 lugares
No encontrado: esp-Salmoral
Añadido: esp-Mazarate. Total: 204 lugares
No encontrado: esp-La Corte
Añadido: esp-Buscás. Total: 206 lugares
Añadido: esp-Ruanes. Total: 207 lugares
Añadido: esp-Mosqueruela. Total: 217 lugares
Añadido: esp-Mezana. Total: 218 lugares
Añadido: esp-Jabares de los Oteros. Total: 222 lugares
Añadido: esp-Revilla. Total: 225 lugares
No encontrado: esp-San Juan de Raicedo
Añadido: esp-Goltar. Total: 230 lugares
No encontrado: esp-La Cavada
No encontrado: esp-Caserío Casas de la Parra de Abajo
No encontrado: esp-Barriada Balerma
No encontrado: esp-Casalareina
No encontrado: esp-La Crehueta
No encontrado: esp-Cóbdar
Añadido: esp-La Mata. Total: 261 lugares
No encontrado: esp-Orilla del Río
No encontrado: esp-El Donadio
Añadido: esp-Caserío Caneja. Total: 269 lugares
Añadido: esp-Cilveti. Total: 272 lugares
No encontrado: esp-Rebollosa
No encontrado: esp-Baños de Ebro
No encontrado: esp-Cangas de Onís
No encontrado: esp-Salmantón
No encontrado: esp-Arzalde
No encontrado: esp-Cortijo de Hornos el Viejo
Añadido: esp-Lazana. Total: 286 lugares
Añadido: esp-Saelices del Payuelo. Total: 287 lugares
No encontrado: esp-San Pablo de Seguríes
Añadido: esp-Romañá. Total: 295 lugares
Añadido: esp-El Merino. Total: 297 lugares
No encontrado: esp-Colonia de Valverde
No encontrado: esp-Santa Croya de Tera
No encontrado: esp-Paizás
Añadido: esp-San Cristóbal. Total: 305 lugares
No encontrado: esp-Casa Lomas de Marcos
Añadido: esp-San Mamés. Total: 314 lugares
No encontrado: esp-La Curriquera
No encontrado: esp-Molino del Chicamo
Añadido: esp-Beán. Total: 328 lugares
No encontrado: esp-Cellorigo
Añadido: esp-Gallardo. Total: 334 lugares
No encontrado: esp-Arroyo de Valdivielso
No encontrado: esp-Caserío Falgons
Añadido: esp-Carcedo. Total: 342 lugares
No encontrado: esp-Granata
Añadido: esp-Henarejos. Total: 348 lugares
Añadido: esp-Cortijada Las Cunas. Total: 349 lugares
Añadido: esp-Ríodolas. Total: 351 lugares
Añadido: esp-Llano. Total: 357 lugares
Añadido: esp-Marigenta. Total: 358 lugares
Añadido: esp-Acequias. Total: 360 lugares
Añadido: esp-Nafría de Ucero. Total: 367 lugares
No encontrado: esp-Momediano
No encontrado: esp-Mazagatos
Añadido: esp-Bolibar. Total: 376 lugares
Añadido: esp-Huerta de Abajo. Total: 378 lugares
No encontrado: esp-Los Entrines
Añadido: esp-Alcolea de las Peñas. Total: 383 lugares
Añadido: esp-Mogente. Total: 385 lugares
No encontrado: esp-Camporredondo
No encontrado: esp-Castrillino
Añadido: esp-Las Pedreras. Total: 395 lugares
No encontrado: esp-Jemein
No encontrado: esp-Leijazós
Añadido: esp-Cortijo de Pozo Iglesias. Total: 398 lugares
Añadido: esp-Cortijada Los Maños. Total: 399 lugares
Añadido: esp-Guillena. Total: 403 lugares
No encontrado: esp-Collblanch y La Torrassa
Añadido: esp-Bernués. Total: 407 lugares
No encontrado: esp-Cutián
No encontrado: esp-Lamastredo
No encontrado: esp-Benadalid
Añadido: esp-Bujanda. Total: 413 lugares
No encontrado: esp-Barrantes
Añadido: esp-Cortijada El Barranco-Sopalmo. Total: 418 lugares
No encontrado: esp-Las Jaulas
Añadido: esp-Alienes. Total: 420 lugares
Añadido: esp-La Raya. Total: 424 lugares
No encontrado: esp-Garcíaz
No encontrado: esp-Santa María de Horta
Añadido: esp-Arciniega. Total: 426 lugares
No encontrado: esp-Beloño
Añadido: esp-Cortez de Pallas. Total: 427 lugares
Añadido: esp-Finestrat. Total: 429 lugares
No encontrado: esp-Pozo de Urama
No encontrado: esp-Argelaguer
Añadido: esp-San Pedro. Total: 438 lugares
No encontrado: esp-Horno del Vidrio
No encontrado: esp-Cozuelos de Fuentidueña
No encontrado: esp-Gama
No encontrado: esp-Alcedo
Añadido: esp-Acevedo. Total: 454 lugares
Añadido: esp-Pruneda. Total: 457 lugares
Añadido: esp-Ledesma. Total: 458 lugares
Añadido: esp-La Ral. Total: 459 lugares
Añadido: esp-Fuentebuena. Total: 462 lugares
No encontrado: esp-Caserío Las Antillas
No encontrado: esp-Roncesvalles
Añadido: esp-Escamprero. Total: 466 lugares
Añadido: esp-Fonfría. Total: 467 lugares
No encontrado: esp-Portugalete
Añadido: esp-Barrio Vista Harmosa. Total: 480 lugares
Añadido: esp-Nocedo. Total: 484 lugares
Añadido: esp-Caserío Teno. Total: 486 lugares
Añadido: esp-Doroña. Total: 487 lugares
No encontrado: esp-Buetas
No encontrado: esp-Fuensanta
Añadido: esp-Cortijada Almedina. Total: 492 lugares
No encontrado: esp-San Juan de Raicedo
No encontrado: esp-Concabella
Añadido: esp-La Puebla de Roda. Total: 502 lugares
Añadido: esp-Caserío C'an Rosell. Total: 503 lugares
No encontrado: esp-Caseríos Puente Nuevo
No encontrado: esp-Guancha de Abajo
No encontrado: esp-Cabañas de Ebro
Añadido: esp-Ribadumia. Total: 516 lugares
No encontrado: esp-Donjimeno
No encontrado: esp-El Bronco
Añadido: esp-Cherrín. Total: 524 lugares
Añadido: esp-Manzanal de Abajo. Total: 527 lugares
Añadido: esp-Sa Cabaneta. Total: 529 lugares
No encontrado: esp-Modino
No encontrado: esp-Ribas de Jarama
Encontrado: esp-La Mata
Información: Lat=43.3833333 - Lon=-6.05
Añadido: esp-Minas de Tharsis. Total: 534 lugares
No encontrado: esp-Rinconcillo
Añadido: esp-Santa Colomba de las Arrimadas. Total: 536 lugares
Añadido: esp-Cortijo Ober. Total: 536 lugares
Añadido: esp-Robriguero. Total: 537 lugares
Añadido: esp-Broto. Total: 538 lugares
Añadido: esp-Mercadillo. Total: 541 lugares
Añadido: esp-Labuerda. Total: 542 lugares
Añadido: esp-Los Llazos. Total: 553 lugares
No encontrado: esp-Palazuelo de Sayago
Añadido: esp-Cubillejo de la Sierra. Total: 557 lugares
Añadido: esp-Cerceda. Total: 573 lugares
Añadido: esp-Caserío Cobatillas. Total: 578 lugares
Añadido: esp-Irijoa. Total: 583 lugares
No encontrado: esp-Hacienda Los Rosales
No encontrado: esp-Barrio Lancharejo
No encontrado: esp-Granda
Añadido: esp-La Pueblanueva. Total: 589 lugares
Añadido: esp-Malcocinado. Total: 590 lugares
No encontrado: esp-Espino
Añadido: esp-Matadeón de los Oteros. Total: 591 lugares
Encontrado: esp-Puerto de Béjar
Información: 
Añadido: esp-Caserío Pinilla. Total: 596 lugares
Añadido: esp-Proente. Total: 603 lugares
Añadido: esp-Coirós. Total: 605 lugares
No encontrado: esp-Cazanes
No encontrado: esp-Cuencabuena
No encontrado: esp-Gebas
No encontrado: esp-Coto Murillo
No encontrado: esp-Aramendía
Añadido: esp-Gonte. Total: 613 lugares
No encontrado: esp-Gandullas
No encontrado: esp-Celada de los Calderones
No encontrado: esp-Box
No encontrado: esp-Alomartes
No encontrado: esp-Arganza
No encontrado: esp-Barbeiros
Añadido: esp-Román. Total: 623 lugares
No encontrado: esp-Pallide
No encontrado: esp-Argote
No encontrado: esp-Páramos
No encontrado: esp-Miyar
No encontrado: esp-Circes
No encontrado: esp-Cabaneiro
No encontrado: esp-Sagoñedo
Añadido: esp-Fontcuberta. Total: 640 lugares
No encontrado: esp-Martintorín
No encontrado: esp-Huerta del Marquesado
No encontrado: esp-Andaní
Añadido: esp-Ambás. Total: 642 lugares
Añadido: esp-Fuentelfresno. Total: 643 lugares
No encontrado: esp-San Rafael
Añadido: esp-Caserío Anroig. Total: 645 lugares
Añadido: esp-Ordial de la Barca. Total: 646 lugares
Añadido: esp-Navarrete. Total: 653 lugares
Añadido: esp-Caleta de Interián. Total: 654 lugares
Añadido: esp-Chite. Total: 658 lugares
Añadido: esp-Ligüerre de Cinca. Total: 671 lugares
Añadido: esp-Corcovados. Total: 672 lugares
No encontrado: esp-Ballestero
No encontrado: esp-Pano
No encontrado: esp-Brez
Añadido: esp-Manilva. Total: 706 lugares
Añadido: esp-Arriondo. Total: 710 lugares
No encontrado: esp-Rendar
No encontrado: esp-La Cobertoria
Añadido: esp-Palau Borrell. Total: 720 lugares
No encontrado: esp-Guadarram
Añadido: esp-Candela. Total: 724 lugares
Añadido: esp-Palmeira. Total: 726 lugares
No encontrado: esp-Godón
No encontrado: esp-Retortillo
Añadido: esp-Moral. Total: 737 lugares
Añadido: esp-Ribarroja. Total: 740 lugares
No encontrado: esp-Golpejar de la Tercia
No encontrado: esp-Los Villares
No encontrado: esp-Caamouco
No encontrado: esp-Premiá de Mar
Encontrado: esp-Las Dueñas
Información: 
No encontrado: esp-Montañó
Añadido: esp-Bareyo. Total: 757 lugares
No encontrado: esp-Ponte
No encontrado: esp-Fontanar de las Viñas
No encontrado: esp-San Cibrían
Añadido: esp-El Ganso. Total: 777 lugares
Añadido: esp-Caserío Arrofranco. Total: 779 lugares
Añadido: esp-Pedrafigueira. Total: 780 lugares
Añadido: esp-Caldes de Montbuy. Total: 784 lugares
Añadido: esp-Concha. Total: 789 lugares
No encontrado: esp-Caserío Dehesa de las Yeguas
Añadido: esp-Castrallón. Total: 812 lugares
No encontrado: esp-Piteira
Añadido: esp-Grañeras. Total: 823 lugares
No encontrado: esp-Lerones
No encontrado: esp-Ribagorda
No encontrado: esp-El Valle
Añadido: esp-Caldevilla de Rengos. Total: 844 lugares
Encontrado: esp-Las Porquerizas
Información: 
No encontrado: esp-La Cantolla
Añadido: esp-Lampay. Total: 854 lugares
No encontrado: esp-Meigente
No encontrado: esp-Caucellos
No encontrado: esp-Armuña de Almanzora
No encontrado: esp-Caserío La Garganta
No encontrado: esp-Aguilar de Compoa
Encontrado: esp-Céspedes
Información: 
No encontrado: esp-El Molar
No encontrado: esp-Lucí
No encontrado: esp-Ferrero
No encontrado: esp-Arroyo del Ojanco
No encontrado: esp-Argiz
No encontrado: esp-Moreiras
No encontrado: esp-Mirueña
No encontrado: esp-El Rodón
No encontrado: esp-Benalúa
No encontrado: esp-Queiruga
No encontrado: esp-Rota-Fonegra
Añadido: esp-Los Campos. Total: 963 lugares
No encontrado: esp-Revenga de Campos
No encontrado: esp-Ajanedo
No encontrado: esp-Navalmahillo
No encontrado: esp-Quintanilla del Monte en Juarros
No encontrado: esp-Jove del Medio
Añadido: esp-Fuentecambrón. Total: 1026 lugares
No encontrado: esp-Nuevo Baztán
Añadido: esp-Bocairente. Total: 1044 lugares
No encontrado: esp-San Pedro Alcántara
No encontrado: esp-Herrera
No encontrado: esp-Eraul
Añadido: esp-Bordils. Total: 1050 lugares
No encontrado: esp-Pervera
Añadido: esp-Lodeña. Total: 1054 lugares
Encontrado: esp-Roda de Bará
Información: 
No encontrado: esp-Robledo de las Traviesas
Añadido: esp-Navia de Suarna. Total: 1071 lugares
No encontrado: esp-Saceda-Trasierra
No encontrado: esp-La Morera
Añadido: esp-Caserío Calarillo. Total: 1082 lugares
No encontrado: esp-Pobla de Masaluca
No encontrado: esp-Carabias Carrapradates
No encontrado: esp-Rasquera
No encontrado: esp-Ircio
No encontrado: esp-Labiano
No encontrado: esp-Las Majadas
No encontrado: esp-Remelle
No encontrado: esp-Caserío Prado Gil
No encontrado: esp-Casicas
No encontrado: esp-Obregón
No encontrado: esp-Montuiri
Encontrado: esp-Escamprero
Información: Lat=43.4 - Lon=-5.95
No encontrado: esp-Mas El Fortuño
No encontrado: esp-Casafranca
Encontrado: esp-Olarra
Información: 
No encontrado: esp-Grañón
No encontrado: esp-Leiz-Miota
No encontrado: esp-Bendoiro
No encontrado: esp-Ferreiravella
No encontrado: esp-Caserío Ca'n Bargalló
No encontrado: esp-Caserío El Porcal
No encontrado: esp-San Jorge de Manzaneda
Encontrado: esp-El Roque
Información: 
Añadido: esp-Pelegrinas. Total: 1204 lugares
No encontrado: esp-Pedriches
No encontrado: esp-La Guardia de Jaén
No encontrado: esp-Caserío Los Paganes
No encontrado: esp-Cortijada Almocáizar
No encontrado: esp-Astell
No encontrado: esp-Los Matorrales
No encontrado: esp-San Feliz de Órbigo
Encontrado: esp-El Cantar
Información: 
No encontrado: esp-San Cristóbal del Monte
No encontrado: esp-Barrio de El Campo de Santibáñez
No encontrado: esp-Artana
Añadido: esp-Mansilla. Total: 1248 lugares
Encontrado: esp-Alloza
Información: 
No encontrado: esp-Guadabraz
Añadido: esp-Ribas de la Valduerna. Total: 1269 lugares
No encontrado: esp-Eulate
No encontrado: esp-Caserío La Losilla
No encontrado: esp-Cabrillas
No encontrado: esp-Larrínaga
No encontrado: esp-Lárrede
No encontrado: esp-Aguaviva
No encontrado: esp-Guerrica
No encontrado: esp-Portús
No encontrado: esp-Chorrillo
Encontrado: esp-Bordones
Información: 
No encontrado: esp-Aguilarejo
No encontrado: esp-Pérex
No encontrado: esp-San Pedro del Valle
No encontrado: esp-Albuñuelas
No encontrado: esp-Friera
No encontrado: esp-Las Poblas
No encontrado: esp-Alquería
No encontrado: esp-Biniaritx
No encontrado: esp-Imárcoain
No encontrado: esp-Domaiquia
No encontrado: esp-Casa del Mayorazgo
No encontrado: esp-Proaza
Encontrado: esp-Las Casas
Información: 
No encontrado: esp-Montealegre
No encontrado: esp-Mioú
No encontrado: esp-Cerra
Añadido: esp-Benalauría. Total: 1397 lugares
